<?xml version="1.0" encoding="UTF-8"?>
<!-- Generated by org.testng.reporters.JUnitReportReporter -->
<testsuite hostname="LAPTOP-K6D5BFPK" failures="0" tests="9" name="tests.TestCase" time="226.701" errors="0" timestamp="2021-08-31T09:23:02 IST" skipped="0">
  <testcase classname="tests.TestCase" name="Checkout" time="17.606"/>
  <system-out/>
  <testcase classname="tests.TestCase" name="Cartstatus" time="26.479"/>
  <system-out/>
  <testcase classname="tests.TestCase" name="InvalidLogin" time="24.831"/>
  <system-out/>
  <testcase classname="tests.TestCase" name="problemUser" time="28.536"/>
  <system-out/>
  <testcase classname="tests.TestCase" name="filterActions" time="25.692"/>
  <system-out/>
  <testcase classname="tests.TestCase" name="autoFillLogin" time="26.421"/>
  <system-out/>
  <testcase classname="tests.TestCase" name="MenuActions" time="31.444"/>
  <system-out/>
  <testcase classname="tests.TestCase" name="MenuActions2" time="25.321"/>
  <system-out/>
  <testcase classname="tests.TestCase" name="RemoveFromCart" time="20.371"/>
  <system-out/>
</testsuite> <!-- tests.TestCase -->
