<?xml version="1.0" encoding="UTF-8"?>
<!-- Generated by org.testng.reporters.JUnitReportReporter -->
<testsuite hostname="LAPTOP-K6D5BFPK" failures="0" tests="9" name="tests.TestCase" time="237.058" errors="0" timestamp="2021-08-31T13:04:20 IST" skipped="0">
  <testcase classname="tests.TestCase" name="Checkout" time="18.377"/>
  <system-out/>
  <testcase classname="tests.TestCase" name="Cartstatus" time="26.715"/>
  <system-out/>
  <testcase classname="tests.TestCase" name="InvalidLogin" time="25.004"/>
  <system-out/>
  <testcase classname="tests.TestCase" name="problemUser" time="32.105"/>
  <system-out/>
  <testcase classname="tests.TestCase" name="filterActions" time="27.484"/>
  <system-out/>
  <testcase classname="tests.TestCase" name="autoFillLogin" time="26.466"/>
  <system-out/>
  <testcase classname="tests.TestCase" name="MenuActions" time="32.194"/>
  <system-out/>
  <testcase classname="tests.TestCase" name="MenuActions2" time="27.804"/>
  <system-out/>
  <testcase classname="tests.TestCase" name="RemoveFromCart" time="20.909"/>
  <system-out/>
</testsuite> <!-- tests.TestCase -->
